[13-Jan-2022 17:16:17 UTC] PHP Fatal error:  Uncaught Error: Call to undefined function get_field() in C:\Users\Nikita Ponarovskyi\Local Sites\nicmas\app\public\wp-content\themes\isida-theme\header.php:13
Stack trace:
#0 C:\Users\Nikita Ponarovskyi\Local Sites\nicmas\app\public\wp-includes\template.php(770): require_once()
#1 C:\Users\Nikita Ponarovskyi\Local Sites\nicmas\app\public\wp-includes\template.php(716): load_template('C:\\Users\\Nikita...', true, Array)
#2 C:\Users\Nikita Ponarovskyi\Local Sites\nicmas\app\public\wp-includes\general-template.php(48): locate_template(Array, true, true, Array)
#3 C:\Users\Nikita Ponarovskyi\Local Sites\nicmas\app\public\wp-content\themes\isida-theme\index.php(5): get_header()
#4 C:\Users\Nikita Ponarovskyi\Local Sites\nicmas\app\public\wp-includes\template-loader.php(106): include('C:\\Users\\Nikita...')
#5 C:\Users\Nikita Ponarovskyi\Local Sites\nicmas\app\public\wp-blog-header.php(19): require_once('C:\\Users\\Nikita...')
#6 C:\Users\Nikita Ponarovskyi\Local Sites\nicmas\app\public\index.php(17): require('C:\\ in C:\Users\Nikita Ponarovskyi\Local Sites\nicmas\app\public\wp-content\themes\isida-theme\header.php on line 13
[13-Jan-2022 17:16:18 UTC] PHP Fatal error:  Uncaught Error: Call to undefined function get_field() in C:\Users\Nikita Ponarovskyi\Local Sites\nicmas\app\public\wp-content\themes\isida-theme\header.php:13
Stack trace:
#0 C:\Users\Nikita Ponarovskyi\Local Sites\nicmas\app\public\wp-includes\template.php(770): require_once()
#1 C:\Users\Nikita Ponarovskyi\Local Sites\nicmas\app\public\wp-includes\template.php(716): load_template('C:\\Users\\Nikita...', true, Array)
#2 C:\Users\Nikita Ponarovskyi\Local Sites\nicmas\app\public\wp-includes\general-template.php(48): locate_template(Array, true, true, Array)
#3 C:\Users\Nikita Ponarovskyi\Local Sites\nicmas\app\public\wp-content\themes\isida-theme\index.php(5): get_header()
#4 C:\Users\Nikita Ponarovskyi\Local Sites\nicmas\app\public\wp-includes\template-loader.php(106): include('C:\\Users\\Nikita...')
#5 C:\Users\Nikita Ponarovskyi\Local Sites\nicmas\app\public\wp-blog-header.php(19): require_once('C:\\Users\\Nikita...')
#6 C:\Users\Nikita Ponarovskyi\Local Sites\nicmas\app\public\index.php(17): require('C:\\ in C:\Users\Nikita Ponarovskyi\Local Sites\nicmas\app\public\wp-content\themes\isida-theme\header.php on line 13
[13-Jan-2022 17:16:18 UTC] PHP Fatal error:  Uncaught Error: Call to undefined function get_field() in C:\Users\Nikita Ponarovskyi\Local Sites\nicmas\app\public\wp-content\themes\isida-theme\header.php:13
Stack trace:
#0 C:\Users\Nikita Ponarovskyi\Local Sites\nicmas\app\public\wp-includes\template.php(770): require_once()
#1 C:\Users\Nikita Ponarovskyi\Local Sites\nicmas\app\public\wp-includes\template.php(716): load_template('C:\\Users\\Nikita...', true, Array)
#2 C:\Users\Nikita Ponarovskyi\Local Sites\nicmas\app\public\wp-includes\general-template.php(48): locate_template(Array, true, true, Array)
#3 C:\Users\Nikita Ponarovskyi\Local Sites\nicmas\app\public\wp-content\themes\isida-theme\index.php(5): get_header()
#4 C:\Users\Nikita Ponarovskyi\Local Sites\nicmas\app\public\wp-includes\template-loader.php(106): include('C:\\Users\\Nikita...')
#5 C:\Users\Nikita Ponarovskyi\Local Sites\nicmas\app\public\wp-blog-header.php(19): require_once('C:\\Users\\Nikita...')
#6 C:\Users\Nikita Ponarovskyi\Local Sites\nicmas\app\public\index.php(17): require('C:\\ in C:\Users\Nikita Ponarovskyi\Local Sites\nicmas\app\public\wp-content\themes\isida-theme\header.php on line 13
[13-Jan-2022 17:16:18 UTC] PHP Fatal error:  Uncaught Error: Call to undefined function get_field() in C:\Users\Nikita Ponarovskyi\Local Sites\nicmas\app\public\wp-content\themes\isida-theme\header.php:13
Stack trace:
#0 C:\Users\Nikita Ponarovskyi\Local Sites\nicmas\app\public\wp-includes\template.php(770): require_once()
#1 C:\Users\Nikita Ponarovskyi\Local Sites\nicmas\app\public\wp-includes\template.php(716): load_template('C:\\Users\\Nikita...', true, Array)
#2 C:\Users\Nikita Ponarovskyi\Local Sites\nicmas\app\public\wp-includes\general-template.php(48): locate_template(Array, true, true, Array)
#3 C:\Users\Nikita Ponarovskyi\Local Sites\nicmas\app\public\wp-content\themes\isida-theme\index.php(5): get_header()
#4 C:\Users\Nikita Ponarovskyi\Local Sites\nicmas\app\public\wp-includes\template-loader.php(106): include('C:\\Users\\Nikita...')
#5 C:\Users\Nikita Ponarovskyi\Local Sites\nicmas\app\public\wp-blog-header.php(19): require_once('C:\\Users\\Nikita...')
#6 C:\Users\Nikita Ponarovskyi\Local Sites\nicmas\app\public\index.php(17): require('C:\\ in C:\Users\Nikita Ponarovskyi\Local Sites\nicmas\app\public\wp-content\themes\isida-theme\header.php on line 13
[16-Jan-2022 18:45:43 UTC] PHP Parse error:  syntax error, unexpected 'echo' (T_ECHO) in C:\Users\Nikita Ponarovskyi\Local Sites\nicmas\app\public\wp-content\themes\nicmas-theme\templates\home.php on line 12
[16-Jan-2022 18:51:38 UTC] PHP Parse error:  syntax error, unexpected '?>', expecting ')' in C:\Users\Nikita Ponarovskyi\Local Sites\nicmas\app\public\wp-content\themes\nicmas-theme\templates\home.php on line 12
[16-Jan-2022 18:54:23 UTC] PHP Parse error:  syntax error, unexpected ';', expecting ')' in C:\Users\Nikita Ponarovskyi\Local Sites\nicmas\app\public\wp-content\themes\nicmas-theme\templates\home.php on line 12
[16-Jan-2022 18:58:49 UTC] PHP Parse error:  syntax error, unexpected 'var_dump' (T_STRING) in C:\Users\Nikita Ponarovskyi\Local Sites\nicmas\app\public\wp-content\themes\nicmas-theme\templates\home.php on line 15
[16-Jan-2022 19:12:53 UTC] PHP Parse error:  syntax error, unexpected '}', expecting ';' in C:\Users\Nikita Ponarovskyi\Local Sites\nicmas\app\public\wp-content\themes\nicmas-theme\templates\home.php on line 17
[16-Jan-2022 19:13:08 UTC] PHP Warning:  Use of undefined constant type - assumed 'type' (this will throw an Error in a future version of PHP) in C:\Users\Nikita Ponarovskyi\Local Sites\nicmas\app\public\wp-content\themes\nicmas-theme\templates\home.php on line 16
[16-Jan-2022 19:13:08 UTC] PHP Stack trace:
[16-Jan-2022 19:13:08 UTC] PHP   1. {main}() C:\Users\Nikita Ponarovskyi\Local Sites\nicmas\app\public\index.php:0
[16-Jan-2022 19:13:08 UTC] PHP   2. require() C:\Users\Nikita Ponarovskyi\Local Sites\nicmas\app\public\index.php:17
[16-Jan-2022 19:13:08 UTC] PHP   3. require_once() C:\Users\Nikita Ponarovskyi\Local Sites\nicmas\app\public\wp-blog-header.php:19
[16-Jan-2022 19:13:08 UTC] PHP   4. include() C:\Users\Nikita Ponarovskyi\Local Sites\nicmas\app\public\wp-includes\template-loader.php:106
[16-Jan-2022 19:13:08 UTC] PHP   5. get_template_part() C:\Users\Nikita Ponarovskyi\Local Sites\nicmas\app\public\wp-content\themes\nicmas-theme\index.php:9
[16-Jan-2022 19:13:08 UTC] PHP   6. locate_template() C:\Users\Nikita Ponarovskyi\Local Sites\nicmas\app\public\wp-includes\general-template.php:204
[16-Jan-2022 19:13:08 UTC] PHP   7. load_template() C:\Users\Nikita Ponarovskyi\Local Sites\nicmas\app\public\wp-includes\template.php:716
[16-Jan-2022 19:13:08 UTC] PHP   8. require() C:\Users\Nikita Ponarovskyi\Local Sites\nicmas\app\public\wp-includes\template.php:772
[16-Jan-2022 19:13:08 UTC] PHP   9. array_filter() C:\Users\Nikita Ponarovskyi\Local Sites\nicmas\app\public\wp-content\themes\nicmas-theme\templates\home.php:18
[16-Jan-2022 19:13:08 UTC] PHP  10. filter() C:\Users\Nikita Ponarovskyi\Local Sites\nicmas\app\public\wp-content\themes\nicmas-theme\templates\home.php:18
[16-Jan-2022 19:13:08 UTC] PHP Recoverable fatal error:  Object of class WP_Post could not be converted to string in C:\Users\Nikita Ponarovskyi\Local Sites\nicmas\app\public\wp-content\themes\nicmas-theme\templates\home.php on line 16
[16-Jan-2022 19:13:08 UTC] PHP Stack trace:
[16-Jan-2022 19:13:08 UTC] PHP   1. {main}() C:\Users\Nikita Ponarovskyi\Local Sites\nicmas\app\public\index.php:0
[16-Jan-2022 19:13:08 UTC] PHP   2. require() C:\Users\Nikita Ponarovskyi\Local Sites\nicmas\app\public\index.php:17
[16-Jan-2022 19:13:08 UTC] PHP   3. require_once() C:\Users\Nikita Ponarovskyi\Local Sites\nicmas\app\public\wp-blog-header.php:19
[16-Jan-2022 19:13:08 UTC] PHP   4. include() C:\Users\Nikita Ponarovskyi\Local Sites\nicmas\app\public\wp-includes\template-loader.php:106
[16-Jan-2022 19:13:08 UTC] PHP   5. get_template_part() C:\Users\Nikita Ponarovskyi\Local Sites\nicmas\app\public\wp-content\themes\nicmas-theme\index.php:9
[16-Jan-2022 19:13:08 UTC] PHP   6. locate_template() C:\Users\Nikita Ponarovskyi\Local Sites\nicmas\app\public\wp-includes\general-template.php:204
[16-Jan-2022 19:13:08 UTC] PHP   7. load_template() C:\Users\Nikita Ponarovskyi\Local Sites\nicmas\app\public\wp-includes\template.php:716
[16-Jan-2022 19:13:08 UTC] PHP   8. require() C:\Users\Nikita Ponarovskyi\Local Sites\nicmas\app\public\wp-includes\template.php:772
[16-Jan-2022 19:13:08 UTC] PHP   9. array_filter() C:\Users\Nikita Ponarovskyi\Local Sites\nicmas\app\public\wp-content\themes\nicmas-theme\templates\home.php:18
[16-Jan-2022 19:13:08 UTC] PHP  10. filter() C:\Users\Nikita Ponarovskyi\Local Sites\nicmas\app\public\wp-content\themes\nicmas-theme\templates\home.php:18
[16-Jan-2022 19:14:33 UTC] PHP Parse error:  syntax error, unexpected 'return' (T_RETURN) in C:\Users\Nikita Ponarovskyi\Local Sites\nicmas\app\public\wp-content\themes\nicmas-theme\templates\home.php on line 17
[16-Jan-2022 19:15:18 UTC] PHP Warning:  Use of undefined constant type - assumed 'type' (this will throw an Error in a future version of PHP) in C:\Users\Nikita Ponarovskyi\Local Sites\nicmas\app\public\wp-content\themes\nicmas-theme\templates\home.php on line 16
[16-Jan-2022 19:15:18 UTC] PHP Stack trace:
[16-Jan-2022 19:15:18 UTC] PHP   1. {main}() C:\Users\Nikita Ponarovskyi\Local Sites\nicmas\app\public\index.php:0
[16-Jan-2022 19:15:18 UTC] PHP   2. require() C:\Users\Nikita Ponarovskyi\Local Sites\nicmas\app\public\index.php:17
[16-Jan-2022 19:15:18 UTC] PHP   3. require_once() C:\Users\Nikita Ponarovskyi\Local Sites\nicmas\app\public\wp-blog-header.php:19
[16-Jan-2022 19:15:18 UTC] PHP   4. include() C:\Users\Nikita Ponarovskyi\Local Sites\nicmas\app\public\wp-includes\template-loader.php:106
[16-Jan-2022 19:15:18 UTC] PHP   5. get_template_part() C:\Users\Nikita Ponarovskyi\Local Sites\nicmas\app\public\wp-content\themes\nicmas-theme\index.php:9
[16-Jan-2022 19:15:18 UTC] PHP   6. locate_template() C:\Users\Nikita Ponarovskyi\Local Sites\nicmas\app\public\wp-includes\general-template.php:204
[16-Jan-2022 19:15:18 UTC] PHP   7. load_template() C:\Users\Nikita Ponarovskyi\Local Sites\nicmas\app\public\wp-includes\template.php:716
[16-Jan-2022 19:15:18 UTC] PHP   8. require() C:\Users\Nikita Ponarovskyi\Local Sites\nicmas\app\public\wp-includes\template.php:772
[16-Jan-2022 19:15:18 UTC] PHP   9. array_filter() C:\Users\Nikita Ponarovskyi\Local Sites\nicmas\app\public\wp-content\themes\nicmas-theme\templates\home.php:19
[16-Jan-2022 19:15:18 UTC] PHP  10. filter() C:\Users\Nikita Ponarovskyi\Local Sites\nicmas\app\public\wp-content\themes\nicmas-theme\templates\home.php:19
[16-Jan-2022 19:15:18 UTC] PHP Recoverable fatal error:  Object of class WP_Post could not be converted to string in C:\Users\Nikita Ponarovskyi\Local Sites\nicmas\app\public\wp-content\themes\nicmas-theme\templates\home.php on line 16
[16-Jan-2022 19:15:18 UTC] PHP Stack trace:
[16-Jan-2022 19:15:18 UTC] PHP   1. {main}() C:\Users\Nikita Ponarovskyi\Local Sites\nicmas\app\public\index.php:0
[16-Jan-2022 19:15:18 UTC] PHP   2. require() C:\Users\Nikita Ponarovskyi\Local Sites\nicmas\app\public\index.php:17
[16-Jan-2022 19:15:18 UTC] PHP   3. require_once() C:\Users\Nikita Ponarovskyi\Local Sites\nicmas\app\public\wp-blog-header.php:19
[16-Jan-2022 19:15:18 UTC] PHP   4. include() C:\Users\Nikita Ponarovskyi\Local Sites\nicmas\app\public\wp-includes\template-loader.php:106
[16-Jan-2022 19:15:18 UTC] PHP   5. get_template_part() C:\Users\Nikita Ponarovskyi\Local Sites\nicmas\app\public\wp-content\themes\nicmas-theme\index.php:9
[16-Jan-2022 19:15:18 UTC] PHP   6. locate_template() C:\Users\Nikita Ponarovskyi\Local Sites\nicmas\app\public\wp-includes\general-template.php:204
[16-Jan-2022 19:15:18 UTC] PHP   7. load_template() C:\Users\Nikita Ponarovskyi\Local Sites\nicmas\app\public\wp-includes\template.php:716
[16-Jan-2022 19:15:18 UTC] PHP   8. require() C:\Users\Nikita Ponarovskyi\Local Sites\nicmas\app\public\wp-includes\template.php:772
[16-Jan-2022 19:15:18 UTC] PHP   9. array_filter() C:\Users\Nikita Ponarovskyi\Local Sites\nicmas\app\public\wp-content\themes\nicmas-theme\templates\home.php:19
[16-Jan-2022 19:15:18 UTC] PHP  10. filter() C:\Users\Nikita Ponarovskyi\Local Sites\nicmas\app\public\wp-content\themes\nicmas-theme\templates\home.php:19
[16-Jan-2022 19:26:06 UTC] PHP Warning:  Use of undefined constant _menu_item_object_id - assumed '_menu_item_object_id' (this will throw an Error in a future version of PHP) in C:\Users\Nikita Ponarovskyi\Local Sites\nicmas\app\public\wp-content\themes\nicmas-theme\templates\home.php on line 16
[16-Jan-2022 19:26:06 UTC] PHP Stack trace:
[16-Jan-2022 19:26:06 UTC] PHP   1. {main}() C:\Users\Nikita Ponarovskyi\Local Sites\nicmas\app\public\index.php:0
[16-Jan-2022 19:26:06 UTC] PHP   2. require() C:\Users\Nikita Ponarovskyi\Local Sites\nicmas\app\public\index.php:17
[16-Jan-2022 19:26:06 UTC] PHP   3. require_once() C:\Users\Nikita Ponarovskyi\Local Sites\nicmas\app\public\wp-blog-header.php:19
[16-Jan-2022 19:26:06 UTC] PHP   4. include() C:\Users\Nikita Ponarovskyi\Local Sites\nicmas\app\public\wp-includes\template-loader.php:106
[16-Jan-2022 19:26:06 UTC] PHP   5. get_template_part() C:\Users\Nikita Ponarovskyi\Local Sites\nicmas\app\public\wp-content\themes\nicmas-theme\index.php:9
[16-Jan-2022 19:26:06 UTC] PHP   6. locate_template() C:\Users\Nikita Ponarovskyi\Local Sites\nicmas\app\public\wp-includes\general-template.php:204
[16-Jan-2022 19:26:06 UTC] PHP   7. load_template() C:\Users\Nikita Ponarovskyi\Local Sites\nicmas\app\public\wp-includes\template.php:716
[16-Jan-2022 19:26:06 UTC] PHP   8. require() C:\Users\Nikita Ponarovskyi\Local Sites\nicmas\app\public\wp-includes\template.php:772
[16-Jan-2022 19:26:06 UTC] PHP   9. array_filter() C:\Users\Nikita Ponarovskyi\Local Sites\nicmas\app\public\wp-content\themes\nicmas-theme\templates\home.php:19
[16-Jan-2022 19:26:06 UTC] PHP  10. filter() C:\Users\Nikita Ponarovskyi\Local Sites\nicmas\app\public\wp-content\themes\nicmas-theme\templates\home.php:19
[16-Jan-2022 19:26:06 UTC] PHP Warning:  Use of undefined constant _menu_item_object_id - assumed '_menu_item_object_id' (this will throw an Error in a future version of PHP) in C:\Users\Nikita Ponarovskyi\Local Sites\nicmas\app\public\wp-content\themes\nicmas-theme\templates\home.php on line 16
[16-Jan-2022 19:26:06 UTC] PHP Stack trace:
[16-Jan-2022 19:26:06 UTC] PHP   1. {main}() C:\Users\Nikita Ponarovskyi\Local Sites\nicmas\app\public\index.php:0
[16-Jan-2022 19:26:06 UTC] PHP   2. require() C:\Users\Nikita Ponarovskyi\Local Sites\nicmas\app\public\index.php:17
[16-Jan-2022 19:26:06 UTC] PHP   3. require_once() C:\Users\Nikita Ponarovskyi\Local Sites\nicmas\app\public\wp-blog-header.php:19
[16-Jan-2022 19:26:06 UTC] PHP   4. include() C:\Users\Nikita Ponarovskyi\Local Sites\nicmas\app\public\wp-includes\template-loader.php:106
[16-Jan-2022 19:26:06 UTC] PHP   5. get_template_part() C:\Users\Nikita Ponarovskyi\Local Sites\nicmas\app\public\wp-content\themes\nicmas-theme\index.php:9
[16-Jan-2022 19:26:06 UTC] PHP   6. locate_template() C:\Users\Nikita Ponarovskyi\Local Sites\nicmas\app\public\wp-includes\general-template.php:204
[16-Jan-2022 19:26:06 UTC] PHP   7. load_template() C:\Users\Nikita Ponarovskyi\Local Sites\nicmas\app\public\wp-includes\template.php:716
[16-Jan-2022 19:26:06 UTC] PHP   8. require() C:\Users\Nikita Ponarovskyi\Local Sites\nicmas\app\public\wp-includes\template.php:772
[16-Jan-2022 19:26:06 UTC] PHP   9. array_filter() C:\Users\Nikita Ponarovskyi\Local Sites\nicmas\app\public\wp-content\themes\nicmas-theme\templates\home.php:19
[16-Jan-2022 19:26:06 UTC] PHP  10. filter() C:\Users\Nikita Ponarovskyi\Local Sites\nicmas\app\public\wp-content\themes\nicmas-theme\templates\home.php:19
[16-Jan-2022 19:26:06 UTC] PHP Warning:  Use of undefined constant _menu_item_object_id - assumed '_menu_item_object_id' (this will throw an Error in a future version of PHP) in C:\Users\Nikita Ponarovskyi\Local Sites\nicmas\app\public\wp-content\themes\nicmas-theme\templates\home.php on line 16
[16-Jan-2022 19:26:06 UTC] PHP Stack trace:
[16-Jan-2022 19:26:06 UTC] PHP   1. {main}() C:\Users\Nikita Ponarovskyi\Local Sites\nicmas\app\public\index.php:0
[16-Jan-2022 19:26:06 UTC] PHP   2. require() C:\Users\Nikita Ponarovskyi\Local Sites\nicmas\app\public\index.php:17
[16-Jan-2022 19:26:06 UTC] PHP   3. require_once() C:\Users\Nikita Ponarovskyi\Local Sites\nicmas\app\public\wp-blog-header.php:19
[16-Jan-2022 19:26:06 UTC] PHP   4. include() C:\Users\Nikita Ponarovskyi\Local Sites\nicmas\app\public\wp-includes\template-loader.php:106
[16-Jan-2022 19:26:06 UTC] PHP   5. get_template_part() C:\Users\Nikita Ponarovskyi\Local Sites\nicmas\app\public\wp-content\themes\nicmas-theme\index.php:9
[16-Jan-2022 19:26:06 UTC] PHP   6. locate_template() C:\Users\Nikita Ponarovskyi\Local Sites\nicmas\app\public\wp-includes\general-template.php:204
[16-Jan-2022 19:26:06 UTC] PHP   7. load_template() C:\Users\Nikita Ponarovskyi\Local Sites\nicmas\app\public\wp-includes\template.php:716
[16-Jan-2022 19:26:06 UTC] PHP   8. require() C:\Users\Nikita Ponarovskyi\Local Sites\nicmas\app\public\wp-includes\template.php:772
[16-Jan-2022 19:26:06 UTC] PHP   9. array_filter() C:\Users\Nikita Ponarovskyi\Local Sites\nicmas\app\public\wp-content\themes\nicmas-theme\templates\home.php:19
[16-Jan-2022 19:26:06 UTC] PHP  10. filter() C:\Users\Nikita Ponarovskyi\Local Sites\nicmas\app\public\wp-content\themes\nicmas-theme\templates\home.php:19
[16-Jan-2022 19:26:06 UTC] PHP Warning:  Use of undefined constant _menu_item_object_id - assumed '_menu_item_object_id' (this will throw an Error in a future version of PHP) in C:\Users\Nikita Ponarovskyi\Local Sites\nicmas\app\public\wp-content\themes\nicmas-theme\templates\home.php on line 16
[16-Jan-2022 19:26:06 UTC] PHP Stack trace:
[16-Jan-2022 19:26:06 UTC] PHP   1. {main}() C:\Users\Nikita Ponarovskyi\Local Sites\nicmas\app\public\index.php:0
[16-Jan-2022 19:26:06 UTC] PHP   2. require() C:\Users\Nikita Ponarovskyi\Local Sites\nicmas\app\public\index.php:17
[16-Jan-2022 19:26:06 UTC] PHP   3. require_once() C:\Users\Nikita Ponarovskyi\Local Sites\nicmas\app\public\wp-blog-header.php:19
[16-Jan-2022 19:26:06 UTC] PHP   4. include() C:\Users\Nikita Ponarovskyi\Local Sites\nicmas\app\public\wp-includes\template-loader.php:106
[16-Jan-2022 19:26:06 UTC] PHP   5. get_template_part() C:\Users\Nikita Ponarovskyi\Local Sites\nicmas\app\public\wp-content\themes\nicmas-theme\index.php:9
[16-Jan-2022 19:26:06 UTC] PHP   6. locate_template() C:\Users\Nikita Ponarovskyi\Local Sites\nicmas\app\public\wp-includes\general-template.php:204
[16-Jan-2022 19:26:06 UTC] PHP   7. load_template() C:\Users\Nikita Ponarovskyi\Local Sites\nicmas\app\public\wp-includes\template.php:716
[16-Jan-2022 19:26:06 UTC] PHP   8. require() C:\Users\Nikita Ponarovskyi\Local Sites\nicmas\app\public\wp-includes\template.php:772
[16-Jan-2022 19:26:06 UTC] PHP   9. array_filter() C:\Users\Nikita Ponarovskyi\Local Sites\nicmas\app\public\wp-content\themes\nicmas-theme\templates\home.php:19
[16-Jan-2022 19:26:06 UTC] PHP  10. filter() C:\Users\Nikita Ponarovskyi\Local Sites\nicmas\app\public\wp-content\themes\nicmas-theme\templates\home.php:19
[16-Jan-2022 19:26:06 UTC] PHP Warning:  Use of undefined constant _menu_item_object_id - assumed '_menu_item_object_id' (this will throw an Error in a future version of PHP) in C:\Users\Nikita Ponarovskyi\Local Sites\nicmas\app\public\wp-content\themes\nicmas-theme\templates\home.php on line 16
[16-Jan-2022 19:26:06 UTC] PHP Stack trace:
[16-Jan-2022 19:26:06 UTC] PHP   1. {main}() C:\Users\Nikita Ponarovskyi\Local Sites\nicmas\app\public\index.php:0
[16-Jan-2022 19:26:06 UTC] PHP   2. require() C:\Users\Nikita Ponarovskyi\Local Sites\nicmas\app\public\index.php:17
[16-Jan-2022 19:26:06 UTC] PHP   3. require_once() C:\Users\Nikita Ponarovskyi\Local Sites\nicmas\app\public\wp-blog-header.php:19
[16-Jan-2022 19:26:06 UTC] PHP   4. include() C:\Users\Nikita Ponarovskyi\Local Sites\nicmas\app\public\wp-includes\template-loader.php:106
[16-Jan-2022 19:26:06 UTC] PHP   5. get_template_part() C:\Users\Nikita Ponarovskyi\Local Sites\nicmas\app\public\wp-content\themes\nicmas-theme\index.php:9
[16-Jan-2022 19:26:06 UTC] PHP   6. locate_template() C:\Users\Nikita Ponarovskyi\Local Sites\nicmas\app\public\wp-includes\general-template.php:204
[16-Jan-2022 19:26:06 UTC] PHP   7. load_template() C:\Users\Nikita Ponarovskyi\Local Sites\nicmas\app\public\wp-includes\template.php:716
[16-Jan-2022 19:26:06 UTC] PHP   8. require() C:\Users\Nikita Ponarovskyi\Local Sites\nicmas\app\public\wp-includes\template.php:772
[16-Jan-2022 19:26:06 UTC] PHP   9. array_filter() C:\Users\Nikita Ponarovskyi\Local Sites\nicmas\app\public\wp-content\themes\nicmas-theme\templates\home.php:19
[16-Jan-2022 19:26:06 UTC] PHP  10. filter() C:\Users\Nikita Ponarovskyi\Local Sites\nicmas\app\public\wp-content\themes\nicmas-theme\templates\home.php:19
[16-Jan-2022 19:26:06 UTC] PHP Warning:  Use of undefined constant _menu_item_object_id - assumed '_menu_item_object_id' (this will throw an Error in a future version of PHP) in C:\Users\Nikita Ponarovskyi\Local Sites\nicmas\app\public\wp-content\themes\nicmas-theme\templates\home.php on line 16
[16-Jan-2022 19:26:06 UTC] PHP Stack trace:
[16-Jan-2022 19:26:06 UTC] PHP   1. {main}() C:\Users\Nikita Ponarovskyi\Local Sites\nicmas\app\public\index.php:0
[16-Jan-2022 19:26:06 UTC] PHP   2. require() C:\Users\Nikita Ponarovskyi\Local Sites\nicmas\app\public\index.php:17
[16-Jan-2022 19:26:06 UTC] PHP   3. require_once() C:\Users\Nikita Ponarovskyi\Local Sites\nicmas\app\public\wp-blog-header.php:19
[16-Jan-2022 19:26:06 UTC] PHP   4. include() C:\Users\Nikita Ponarovskyi\Local Sites\nicmas\app\public\wp-includes\template-loader.php:106
[16-Jan-2022 19:26:06 UTC] PHP   5. get_template_part() C:\Users\Nikita Ponarovskyi\Local Sites\nicmas\app\public\wp-content\themes\nicmas-theme\index.php:9
[16-Jan-2022 19:26:06 UTC] PHP   6. locate_template() C:\Users\Nikita Ponarovskyi\Local Sites\nicmas\app\public\wp-includes\general-template.php:204
[16-Jan-2022 19:26:06 UTC] PHP   7. load_template() C:\Users\Nikita Ponarovskyi\Local Sites\nicmas\app\public\wp-includes\template.php:716
[16-Jan-2022 19:26:06 UTC] PHP   8. require() C:\Users\Nikita Ponarovskyi\Local Sites\nicmas\app\public\wp-includes\template.php:772
[16-Jan-2022 19:26:06 UTC] PHP   9. array_filter() C:\Users\Nikita Ponarovskyi\Local Sites\nicmas\app\public\wp-content\themes\nicmas-theme\templates\home.php:19
[16-Jan-2022 19:26:06 UTC] PHP  10. filter() C:\Users\Nikita Ponarovskyi\Local Sites\nicmas\app\public\wp-content\themes\nicmas-theme\templates\home.php:19
[16-Jan-2022 19:26:06 UTC] PHP Warning:  Use of undefined constant _menu_item_object_id - assumed '_menu_item_object_id' (this will throw an Error in a future version of PHP) in C:\Users\Nikita Ponarovskyi\Local Sites\nicmas\app\public\wp-content\themes\nicmas-theme\templates\home.php on line 16
[16-Jan-2022 19:26:06 UTC] PHP Stack trace:
[16-Jan-2022 19:26:06 UTC] PHP   1. {main}() C:\Users\Nikita Ponarovskyi\Local Sites\nicmas\app\public\index.php:0
[16-Jan-2022 19:26:06 UTC] PHP   2. require() C:\Users\Nikita Ponarovskyi\Local Sites\nicmas\app\public\index.php:17
[16-Jan-2022 19:26:06 UTC] PHP   3. require_once() C:\Users\Nikita Ponarovskyi\Local Sites\nicmas\app\public\wp-blog-header.php:19
[16-Jan-2022 19:26:06 UTC] PHP   4. include() C:\Users\Nikita Ponarovskyi\Local Sites\nicmas\app\public\wp-includes\template-loader.php:106
[16-Jan-2022 19:26:06 UTC] PHP   5. get_template_part() C:\Users\Nikita Ponarovskyi\Local Sites\nicmas\app\public\wp-content\themes\nicmas-theme\index.php:9
[16-Jan-2022 19:26:06 UTC] PHP   6. locate_template() C:\Users\Nikita Ponarovskyi\Local Sites\nicmas\app\public\wp-includes\general-template.php:204
[16-Jan-2022 19:26:06 UTC] PHP   7. load_template() C:\Users\Nikita Ponarovskyi\Local Sites\nicmas\app\public\wp-includes\template.php:716
[16-Jan-2022 19:26:06 UTC] PHP   8. require() C:\Users\Nikita Ponarovskyi\Local Sites\nicmas\app\public\wp-includes\template.php:772
[16-Jan-2022 19:26:06 UTC] PHP   9. array_filter() C:\Users\Nikita Ponarovskyi\Local Sites\nicmas\app\public\wp-content\themes\nicmas-theme\templates\home.php:19
[16-Jan-2022 19:26:06 UTC] PHP  10. filter() C:\Users\Nikita Ponarovskyi\Local Sites\nicmas\app\public\wp-content\themes\nicmas-theme\templates\home.php:19
[16-Jan-2022 19:26:06 UTC] PHP Warning:  Use of undefined constant _menu_item_object_id - assumed '_menu_item_object_id' (this will throw an Error in a future version of PHP) in C:\Users\Nikita Ponarovskyi\Local Sites\nicmas\app\public\wp-content\themes\nicmas-theme\templates\home.php on line 16
[16-Jan-2022 19:26:06 UTC] PHP Stack trace:
[16-Jan-2022 19:26:06 UTC] PHP   1. {main}() C:\Users\Nikita Ponarovskyi\Local Sites\nicmas\app\public\index.php:0
[16-Jan-2022 19:26:06 UTC] PHP   2. require() C:\Users\Nikita Ponarovskyi\Local Sites\nicmas\app\public\index.php:17
[16-Jan-2022 19:26:06 UTC] PHP   3. require_once() C:\Users\Nikita Ponarovskyi\Local Sites\nicmas\app\public\wp-blog-header.php:19
[16-Jan-2022 19:26:06 UTC] PHP   4. include() C:\Users\Nikita Ponarovskyi\Local Sites\nicmas\app\public\wp-includes\template-loader.php:106
[16-Jan-2022 19:26:06 UTC] PHP   5. get_template_part() C:\Users\Nikita Ponarovskyi\Local Sites\nicmas\app\public\wp-content\themes\nicmas-theme\index.php:9
[16-Jan-2022 19:26:06 UTC] PHP   6. locate_template() C:\Users\Nikita Ponarovskyi\Local Sites\nicmas\app\public\wp-includes\general-template.php:204
[16-Jan-2022 19:26:06 UTC] PHP   7. load_template() C:\Users\Nikita Ponarovskyi\Local Sites\nicmas\app\public\wp-includes\template.php:716
[16-Jan-2022 19:26:06 UTC] PHP   8. require() C:\Users\Nikita Ponarovskyi\Local Sites\nicmas\app\public\wp-includes\template.php:772
[16-Jan-2022 19:26:06 UTC] PHP   9. array_filter() C:\Users\Nikita Ponarovskyi\Local Sites\nicmas\app\public\wp-content\themes\nicmas-theme\templates\home.php:19
[16-Jan-2022 19:26:06 UTC] PHP  10. filter() C:\Users\Nikita Ponarovskyi\Local Sites\nicmas\app\public\wp-content\themes\nicmas-theme\templates\home.php:19
[16-Jan-2022 19:26:06 UTC] PHP Warning:  Use of undefined constant _menu_item_object_id - assumed '_menu_item_object_id' (this will throw an Error in a future version of PHP) in C:\Users\Nikita Ponarovskyi\Local Sites\nicmas\app\public\wp-content\themes\nicmas-theme\templates\home.php on line 16
[16-Jan-2022 19:26:06 UTC] PHP Stack trace:
[16-Jan-2022 19:26:06 UTC] PHP   1. {main}() C:\Users\Nikita Ponarovskyi\Local Sites\nicmas\app\public\index.php:0
[16-Jan-2022 19:26:06 UTC] PHP   2. require() C:\Users\Nikita Ponarovskyi\Local Sites\nicmas\app\public\index.php:17
[16-Jan-2022 19:26:06 UTC] PHP   3. require_once() C:\Users\Nikita Ponarovskyi\Local Sites\nicmas\app\public\wp-blog-header.php:19
[16-Jan-2022 19:26:06 UTC] PHP   4. include() C:\Users\Nikita Ponarovskyi\Local Sites\nicmas\app\public\wp-includes\template-loader.php:106
[16-Jan-2022 19:26:06 UTC] PHP   5. get_template_part() C:\Users\Nikita Ponarovskyi\Local Sites\nicmas\app\public\wp-content\themes\nicmas-theme\index.php:9
[16-Jan-2022 19:26:06 UTC] PHP   6. locate_template() C:\Users\Nikita Ponarovskyi\Local Sites\nicmas\app\public\wp-includes\general-template.php:204
[16-Jan-2022 19:26:06 UTC] PHP   7. load_template() C:\Users\Nikita Ponarovskyi\Local Sites\nicmas\app\public\wp-includes\template.php:716
[16-Jan-2022 19:26:06 UTC] PHP   8. require() C:\Users\Nikita Ponarovskyi\Local Sites\nicmas\app\public\wp-includes\template.php:772
[16-Jan-2022 19:26:06 UTC] PHP   9. array_filter() C:\Users\Nikita Ponarovskyi\Local Sites\nicmas\app\public\wp-content\themes\nicmas-theme\templates\home.php:19
[16-Jan-2022 19:26:06 UTC] PHP  10. filter() C:\Users\Nikita Ponarovskyi\Local Sites\nicmas\app\public\wp-content\themes\nicmas-theme\templates\home.php:19
[16-Jan-2022 19:26:06 UTC] PHP Warning:  Use of undefined constant _menu_item_object_id - assumed '_menu_item_object_id' (this will throw an Error in a future version of PHP) in C:\Users\Nikita Ponarovskyi\Local Sites\nicmas\app\public\wp-content\themes\nicmas-theme\templates\home.php on line 16
[16-Jan-2022 19:26:06 UTC] PHP Stack trace:
[16-Jan-2022 19:26:06 UTC] PHP   1. {main}() C:\Users\Nikita Ponarovskyi\Local Sites\nicmas\app\public\index.php:0
[16-Jan-2022 19:26:06 UTC] PHP   2. require() C:\Users\Nikita Ponarovskyi\Local Sites\nicmas\app\public\index.php:17
[16-Jan-2022 19:26:06 UTC] PHP   3. require_once() C:\Users\Nikita Ponarovskyi\Local Sites\nicmas\app\public\wp-blog-header.php:19
[16-Jan-2022 19:26:06 UTC] PHP   4. include() C:\Users\Nikita Ponarovskyi\Local Sites\nicmas\app\public\wp-includes\template-loader.php:106
[16-Jan-2022 19:26:06 UTC] PHP   5. get_template_part() C:\Users\Nikita Ponarovskyi\Local Sites\nicmas\app\public\wp-content\themes\nicmas-theme\index.php:9
[16-Jan-2022 19:26:06 UTC] PHP   6. locate_template() C:\Users\Nikita Ponarovskyi\Local Sites\nicmas\app\public\wp-includes\general-template.php:204
[16-Jan-2022 19:26:06 UTC] PHP   7. load_template() C:\Users\Nikita Ponarovskyi\Local Sites\nicmas\app\public\wp-includes\template.php:716
[16-Jan-2022 19:26:06 UTC] PHP   8. require() C:\Users\Nikita Ponarovskyi\Local Sites\nicmas\app\public\wp-includes\template.php:772
[16-Jan-2022 19:26:06 UTC] PHP   9. array_filter() C:\Users\Nikita Ponarovskyi\Local Sites\nicmas\app\public\wp-content\themes\nicmas-theme\templates\home.php:19
[16-Jan-2022 19:26:06 UTC] PHP  10. filter() C:\Users\Nikita Ponarovskyi\Local Sites\nicmas\app\public\wp-content\themes\nicmas-theme\templates\home.php:19
[16-Jan-2022 19:26:06 UTC] PHP Warning:  Use of undefined constant _menu_item_object_id - assumed '_menu_item_object_id' (this will throw an Error in a future version of PHP) in C:\Users\Nikita Ponarovskyi\Local Sites\nicmas\app\public\wp-content\themes\nicmas-theme\templates\home.php on line 16
[16-Jan-2022 19:26:06 UTC] PHP Stack trace:
[16-Jan-2022 19:26:06 UTC] PHP   1. {main}() C:\Users\Nikita Ponarovskyi\Local Sites\nicmas\app\public\index.php:0
[16-Jan-2022 19:26:06 UTC] PHP   2. require() C:\Users\Nikita Ponarovskyi\Local Sites\nicmas\app\public\index.php:17
[16-Jan-2022 19:26:06 UTC] PHP   3. require_once() C:\Users\Nikita Ponarovskyi\Local Sites\nicmas\app\public\wp-blog-header.php:19
[16-Jan-2022 19:26:06 UTC] PHP   4. include() C:\Users\Nikita Ponarovskyi\Local Sites\nicmas\app\public\wp-includes\template-loader.php:106
[16-Jan-2022 19:26:06 UTC] PHP   5. get_template_part() C:\Users\Nikita Ponarovskyi\Local Sites\nicmas\app\public\wp-content\themes\nicmas-theme\index.php:9
[16-Jan-2022 19:26:06 UTC] PHP   6. locate_template() C:\Users\Nikita Ponarovskyi\Local Sites\nicmas\app\public\wp-includes\general-template.php:204
[16-Jan-2022 19:26:06 UTC] PHP   7. load_template() C:\Users\Nikita Ponarovskyi\Local Sites\nicmas\app\public\wp-includes\template.php:716
[16-Jan-2022 19:26:06 UTC] PHP   8. require() C:\Users\Nikita Ponarovskyi\Local Sites\nicmas\app\public\wp-includes\template.php:772
[16-Jan-2022 19:26:06 UTC] PHP   9. array_filter() C:\Users\Nikita Ponarovskyi\Local Sites\nicmas\app\public\wp-content\themes\nicmas-theme\templates\home.php:19
[16-Jan-2022 19:26:06 UTC] PHP  10. filter() C:\Users\Nikita Ponarovskyi\Local Sites\nicmas\app\public\wp-content\themes\nicmas-theme\templates\home.php:19
[16-Jan-2022 19:26:06 UTC] PHP Warning:  Use of undefined constant _menu_item_object_id - assumed '_menu_item_object_id' (this will throw an Error in a future version of PHP) in C:\Users\Nikita Ponarovskyi\Local Sites\nicmas\app\public\wp-content\themes\nicmas-theme\templates\home.php on line 16
[16-Jan-2022 19:26:06 UTC] PHP Stack trace:
[16-Jan-2022 19:26:06 UTC] PHP   1. {main}() C:\Users\Nikita Ponarovskyi\Local Sites\nicmas\app\public\index.php:0
[16-Jan-2022 19:26:06 UTC] PHP   2. require() C:\Users\Nikita Ponarovskyi\Local Sites\nicmas\app\public\index.php:17
[16-Jan-2022 19:26:06 UTC] PHP   3. require_once() C:\Users\Nikita Ponarovskyi\Local Sites\nicmas\app\public\wp-blog-header.php:19
[16-Jan-2022 19:26:06 UTC] PHP   4. include() C:\Users\Nikita Ponarovskyi\Local Sites\nicmas\app\public\wp-includes\template-loader.php:106
[16-Jan-2022 19:26:06 UTC] PHP   5. get_template_part() C:\Users\Nikita Ponarovskyi\Local Sites\nicmas\app\public\wp-content\themes\nicmas-theme\index.php:9
[16-Jan-2022 19:26:06 UTC] PHP   6. locate_template() C:\Users\Nikita Ponarovskyi\Local Sites\nicmas\app\public\wp-includes\general-template.php:204
[16-Jan-2022 19:26:06 UTC] PHP   7. load_template() C:\Users\Nikita Ponarovskyi\Local Sites\nicmas\app\public\wp-includes\template.php:716
[16-Jan-2022 19:26:06 UTC] PHP   8. require() C:\Users\Nikita Ponarovskyi\Local Sites\nicmas\app\public\wp-includes\template.php:772
[16-Jan-2022 19:26:06 UTC] PHP   9. array_filter() C:\Users\Nikita Ponarovskyi\Local Sites\nicmas\app\public\wp-content\themes\nicmas-theme\templates\home.php:19
[16-Jan-2022 19:26:06 UTC] PHP  10. filter() C:\Users\Nikita Ponarovskyi\Local Sites\nicmas\app\public\wp-content\themes\nicmas-theme\templates\home.php:19
[16-Jan-2022 19:26:06 UTC] PHP Warning:  Use of undefined constant _menu_item_object_id - assumed '_menu_item_object_id' (this will throw an Error in a future version of PHP) in C:\Users\Nikita Ponarovskyi\Local Sites\nicmas\app\public\wp-content\themes\nicmas-theme\templates\home.php on line 16
[16-Jan-2022 19:26:06 UTC] PHP Stack trace:
[16-Jan-2022 19:26:06 UTC] PHP   1. {main}() C:\Users\Nikita Ponarovskyi\Local Sites\nicmas\app\public\index.php:0
[16-Jan-2022 19:26:06 UTC] PHP   2. require() C:\Users\Nikita Ponarovskyi\Local Sites\nicmas\app\public\index.php:17
[16-Jan-2022 19:26:06 UTC] PHP   3. require_once() C:\Users\Nikita Ponarovskyi\Local Sites\nicmas\app\public\wp-blog-header.php:19
[16-Jan-2022 19:26:06 UTC] PHP   4. include() C:\Users\Nikita Ponarovskyi\Local Sites\nicmas\app\public\wp-includes\template-loader.php:106
[16-Jan-2022 19:26:06 UTC] PHP   5. get_template_part() C:\Users\Nikita Ponarovskyi\Local Sites\nicmas\app\public\wp-content\themes\nicmas-theme\index.php:9
[16-Jan-2022 19:26:06 UTC] PHP   6. locate_template() C:\Users\Nikita Ponarovskyi\Local Sites\nicmas\app\public\wp-includes\general-template.php:204
[16-Jan-2022 19:26:06 UTC] PHP   7. load_template() C:\Users\Nikita Ponarovskyi\Local Sites\nicmas\app\public\wp-includes\template.php:716
[16-Jan-2022 19:26:06 UTC] PHP   8. require() C:\Users\Nikita Ponarovskyi\Local Sites\nicmas\app\public\wp-includes\template.php:772
[16-Jan-2022 19:26:06 UTC] PHP   9. array_filter() C:\Users\Nikita Ponarovskyi\Local Sites\nicmas\app\public\wp-content\themes\nicmas-theme\templates\home.php:19
[16-Jan-2022 19:26:06 UTC] PHP  10. filter() C:\Users\Nikita Ponarovskyi\Local Sites\nicmas\app\public\wp-content\themes\nicmas-theme\templates\home.php:19
[16-Jan-2022 19:26:06 UTC] PHP Warning:  Use of undefined constant _menu_item_object_id - assumed '_menu_item_object_id' (this will throw an Error in a future version of PHP) in C:\Users\Nikita Ponarovskyi\Local Sites\nicmas\app\public\wp-content\themes\nicmas-theme\templates\home.php on line 16
[16-Jan-2022 19:26:06 UTC] PHP Stack trace:
[16-Jan-2022 19:26:06 UTC] PHP   1. {main}() C:\Users\Nikita Ponarovskyi\Local Sites\nicmas\app\public\index.php:0
[16-Jan-2022 19:26:06 UTC] PHP   2. require() C:\Users\Nikita Ponarovskyi\Local Sites\nicmas\app\public\index.php:17
[16-Jan-2022 19:26:06 UTC] PHP   3. require_once() C:\Users\Nikita Ponarovskyi\Local Sites\nicmas\app\public\wp-blog-header.php:19
[16-Jan-2022 19:26:06 UTC] PHP   4. include() C:\Users\Nikita Ponarovskyi\Local Sites\nicmas\app\public\wp-includes\template-loader.php:106
[16-Jan-2022 19:26:06 UTC] PHP   5. get_template_part() C:\Users\Nikita Ponarovskyi\Local Sites\nicmas\app\public\wp-content\themes\nicmas-theme\index.php:9
[16-Jan-2022 19:26:06 UTC] PHP   6. locate_template() C:\Users\Nikita Ponarovskyi\Local Sites\nicmas\app\public\wp-includes\general-template.php:204
[16-Jan-2022 19:26:06 UTC] PHP   7. load_template() C:\Users\Nikita Ponarovskyi\Local Sites\nicmas\app\public\wp-includes\template.php:716
[16-Jan-2022 19:26:06 UTC] PHP   8. require() C:\Users\Nikita Ponarovskyi\Local Sites\nicmas\app\public\wp-includes\template.php:772
[16-Jan-2022 19:26:06 UTC] PHP   9. array_filter() C:\Users\Nikita Ponarovskyi\Local Sites\nicmas\app\public\wp-content\themes\nicmas-theme\templates\home.php:19
[16-Jan-2022 19:26:06 UTC] PHP  10. filter() C:\Users\Nikita Ponarovskyi\Local Sites\nicmas\app\public\wp-content\themes\nicmas-theme\templates\home.php:19
[16-Jan-2022 19:26:06 UTC] PHP Warning:  Use of undefined constant _menu_item_object_id - assumed '_menu_item_object_id' (this will throw an Error in a future version of PHP) in C:\Users\Nikita Ponarovskyi\Local Sites\nicmas\app\public\wp-content\themes\nicmas-theme\templates\home.php on line 16
[16-Jan-2022 19:26:06 UTC] PHP Stack trace:
[16-Jan-2022 19:26:06 UTC] PHP   1. {main}() C:\Users\Nikita Ponarovskyi\Local Sites\nicmas\app\public\index.php:0
[16-Jan-2022 19:26:06 UTC] PHP   2. require() C:\Users\Nikita Ponarovskyi\Local Sites\nicmas\app\public\index.php:17
[16-Jan-2022 19:26:06 UTC] PHP   3. require_once() C:\Users\Nikita Ponarovskyi\Local Sites\nicmas\app\public\wp-blog-header.php:19
[16-Jan-2022 19:26:06 UTC] PHP   4. include() C:\Users\Nikita Ponarovskyi\Local Sites\nicmas\app\public\wp-includes\template-loader.php:106
[16-Jan-2022 19:26:06 UTC] PHP   5. get_template_part() C:\Users\Nikita Ponarovskyi\Local Sites\nicmas\app\public\wp-content\themes\nicmas-theme\index.php:9
[16-Jan-2022 19:26:06 UTC] PHP   6. locate_template() C:\Users\Nikita Ponarovskyi\Local Sites\nicmas\app\public\wp-includes\general-template.php:204
[16-Jan-2022 19:26:06 UTC] PHP   7. load_template() C:\Users\Nikita Ponarovskyi\Local Sites\nicmas\app\public\wp-includes\template.php:716
[16-Jan-2022 19:26:06 UTC] PHP   8. require() C:\Users\Nikita Ponarovskyi\Local Sites\nicmas\app\public\wp-includes\template.php:772
[16-Jan-2022 19:26:06 UTC] PHP   9. array_filter() C:\Users\Nikita Ponarovskyi\Local Sites\nicmas\app\public\wp-content\themes\nicmas-theme\templates\home.php:19
[16-Jan-2022 19:26:06 UTC] PHP  10. filter() C:\Users\Nikita Ponarovskyi\Local Sites\nicmas\app\public\wp-content\themes\nicmas-theme\templates\home.php:19
[16-Jan-2022 19:26:06 UTC] PHP Warning:  Use of undefined constant _menu_item_object_id - assumed '_menu_item_object_id' (this will throw an Error in a future version of PHP) in C:\Users\Nikita Ponarovskyi\Local Sites\nicmas\app\public\wp-content\themes\nicmas-theme\templates\home.php on line 16
[16-Jan-2022 19:26:06 UTC] PHP Stack trace:
[16-Jan-2022 19:26:06 UTC] PHP   1. {main}() C:\Users\Nikita Ponarovskyi\Local Sites\nicmas\app\public\index.php:0
[16-Jan-2022 19:26:06 UTC] PHP   2. require() C:\Users\Nikita Ponarovskyi\Local Sites\nicmas\app\public\index.php:17
[16-Jan-2022 19:26:06 UTC] PHP   3. require_once() C:\Users\Nikita Ponarovskyi\Local Sites\nicmas\app\public\wp-blog-header.php:19
[16-Jan-2022 19:26:06 UTC] PHP   4. include() C:\Users\Nikita Ponarovskyi\Local Sites\nicmas\app\public\wp-includes\template-loader.php:106
[16-Jan-2022 19:26:06 UTC] PHP   5. get_template_part() C:\Users\Nikita Ponarovskyi\Local Sites\nicmas\app\public\wp-content\themes\nicmas-theme\index.php:9
[16-Jan-2022 19:26:06 UTC] PHP   6. locate_template() C:\Users\Nikita Ponarovskyi\Local Sites\nicmas\app\public\wp-includes\general-template.php:204
[16-Jan-2022 19:26:06 UTC] PHP   7. load_template() C:\Users\Nikita Ponarovskyi\Local Sites\nicmas\app\public\wp-includes\template.php:716
[16-Jan-2022 19:26:06 UTC] PHP   8. require() C:\Users\Nikita Ponarovskyi\Local Sites\nicmas\app\public\wp-includes\template.php:772
[16-Jan-2022 19:26:06 UTC] PHP   9. array_filter() C:\Users\Nikita Ponarovskyi\Local Sites\nicmas\app\public\wp-content\themes\nicmas-theme\templates\home.php:19
[16-Jan-2022 19:26:06 UTC] PHP  10. filter() C:\Users\Nikita Ponarovskyi\Local Sites\nicmas\app\public\wp-content\themes\nicmas-theme\templates\home.php:19
[16-Jan-2022 19:26:06 UTC] PHP Warning:  Use of undefined constant _menu_item_object_id - assumed '_menu_item_object_id' (this will throw an Error in a future version of PHP) in C:\Users\Nikita Ponarovskyi\Local Sites\nicmas\app\public\wp-content\themes\nicmas-theme\templates\home.php on line 16
[16-Jan-2022 19:26:06 UTC] PHP Stack trace:
[16-Jan-2022 19:26:06 UTC] PHP   1. {main}() C:\Users\Nikita Ponarovskyi\Local Sites\nicmas\app\public\index.php:0
[16-Jan-2022 19:26:06 UTC] PHP   2. require() C:\Users\Nikita Ponarovskyi\Local Sites\nicmas\app\public\index.php:17
[16-Jan-2022 19:26:06 UTC] PHP   3. require_once() C:\Users\Nikita Ponarovskyi\Local Sites\nicmas\app\public\wp-blog-header.php:19
[16-Jan-2022 19:26:06 UTC] PHP   4. include() C:\Users\Nikita Ponarovskyi\Local Sites\nicmas\app\public\wp-includes\template-loader.php:106
[16-Jan-2022 19:26:06 UTC] PHP   5. get_template_part() C:\Users\Nikita Ponarovskyi\Local Sites\nicmas\app\public\wp-content\themes\nicmas-theme\index.php:9
[16-Jan-2022 19:26:06 UTC] PHP   6. locate_template() C:\Users\Nikita Ponarovskyi\Local Sites\nicmas\app\public\wp-includes\general-template.php:204
[16-Jan-2022 19:26:06 UTC] PHP   7. load_template() C:\Users\Nikita Ponarovskyi\Local Sites\nicmas\app\public\wp-includes\template.php:716
[16-Jan-2022 19:26:06 UTC] PHP   8. require() C:\Users\Nikita Ponarovskyi\Local Sites\nicmas\app\public\wp-includes\template.php:772
[16-Jan-2022 19:26:06 UTC] PHP   9. array_filter() C:\Users\Nikita Ponarovskyi\Local Sites\nicmas\app\public\wp-content\themes\nicmas-theme\templates\home.php:19
[16-Jan-2022 19:26:06 UTC] PHP  10. filter() C:\Users\Nikita Ponarovskyi\Local Sites\nicmas\app\public\wp-content\themes\nicmas-theme\templates\home.php:19
[16-Jan-2022 19:26:06 UTC] PHP Warning:  Use of undefined constant _menu_item_object_id - assumed '_menu_item_object_id' (this will throw an Error in a future version of PHP) in C:\Users\Nikita Ponarovskyi\Local Sites\nicmas\app\public\wp-content\themes\nicmas-theme\templates\home.php on line 16
[16-Jan-2022 19:26:06 UTC] PHP Stack trace:
[16-Jan-2022 19:26:06 UTC] PHP   1. {main}() C:\Users\Nikita Ponarovskyi\Local Sites\nicmas\app\public\index.php:0
[16-Jan-2022 19:26:06 UTC] PHP   2. require() C:\Users\Nikita Ponarovskyi\Local Sites\nicmas\app\public\index.php:17
[16-Jan-2022 19:26:06 UTC] PHP   3. require_once() C:\Users\Nikita Ponarovskyi\Local Sites\nicmas\app\public\wp-blog-header.php:19
[16-Jan-2022 19:26:06 UTC] PHP   4. include() C:\Users\Nikita Ponarovskyi\Local Sites\nicmas\app\public\wp-includes\template-loader.php:106
[16-Jan-2022 19:26:06 UTC] PHP   5. get_template_part() C:\Users\Nikita Ponarovskyi\Local Sites\nicmas\app\public\wp-content\themes\nicmas-theme\index.php:9
[16-Jan-2022 19:26:06 UTC] PHP   6. locate_template() C:\Users\Nikita Ponarovskyi\Local Sites\nicmas\app\public\wp-includes\general-template.php:204
[16-Jan-2022 19:26:06 UTC] PHP   7. load_template() C:\Users\Nikita Ponarovskyi\Local Sites\nicmas\app\public\wp-includes\template.php:716
[16-Jan-2022 19:26:06 UTC] PHP   8. require() C:\Users\Nikita Ponarovskyi\Local Sites\nicmas\app\public\wp-includes\template.php:772
[16-Jan-2022 19:26:06 UTC] PHP   9. array_filter() C:\Users\Nikita Ponarovskyi\Local Sites\nicmas\app\public\wp-content\themes\nicmas-theme\templates\home.php:19
[16-Jan-2022 19:26:06 UTC] PHP  10. filter() C:\Users\Nikita Ponarovskyi\Local Sites\nicmas\app\public\wp-content\themes\nicmas-theme\templates\home.php:19
[16-Jan-2022 19:26:06 UTC] PHP Warning:  Use of undefined constant _menu_item_object_id - assumed '_menu_item_object_id' (this will throw an Error in a future version of PHP) in C:\Users\Nikita Ponarovskyi\Local Sites\nicmas\app\public\wp-content\themes\nicmas-theme\templates\home.php on line 16
[16-Jan-2022 19:26:06 UTC] PHP Stack trace:
[16-Jan-2022 19:26:06 UTC] PHP   1. {main}() C:\Users\Nikita Ponarovskyi\Local Sites\nicmas\app\public\index.php:0
[16-Jan-2022 19:26:06 UTC] PHP   2. require() C:\Users\Nikita Ponarovskyi\Local Sites\nicmas\app\public\index.php:17
[16-Jan-2022 19:26:06 UTC] PHP   3. require_once() C:\Users\Nikita Ponarovskyi\Local Sites\nicmas\app\public\wp-blog-header.php:19
[16-Jan-2022 19:26:06 UTC] PHP   4. include() C:\Users\Nikita Ponarovskyi\Local Sites\nicmas\app\public\wp-includes\template-loader.php:106
[16-Jan-2022 19:26:06 UTC] PHP   5. get_template_part() C:\Users\Nikita Ponarovskyi\Local Sites\nicmas\app\public\wp-content\themes\nicmas-theme\index.php:9
[16-Jan-2022 19:26:06 UTC] PHP   6. locate_template() C:\Users\Nikita Ponarovskyi\Local Sites\nicmas\app\public\wp-includes\general-template.php:204
[16-Jan-2022 19:26:06 UTC] PHP   7. load_template() C:\Users\Nikita Ponarovskyi\Local Sites\nicmas\app\public\wp-includes\template.php:716
[16-Jan-2022 19:26:06 UTC] PHP   8. require() C:\Users\Nikita Ponarovskyi\Local Sites\nicmas\app\public\wp-includes\template.php:772
[16-Jan-2022 19:26:06 UTC] PHP   9. array_filter() C:\Users\Nikita Ponarovskyi\Local Sites\nicmas\app\public\wp-content\themes\nicmas-theme\templates\home.php:19
[16-Jan-2022 19:26:06 UTC] PHP  10. filter() C:\Users\Nikita Ponarovskyi\Local Sites\nicmas\app\public\wp-content\themes\nicmas-theme\templates\home.php:19
[16-Jan-2022 19:26:06 UTC] PHP Warning:  Use of undefined constant _menu_item_object_id - assumed '_menu_item_object_id' (this will throw an Error in a future version of PHP) in C:\Users\Nikita Ponarovskyi\Local Sites\nicmas\app\public\wp-content\themes\nicmas-theme\templates\home.php on line 16
[16-Jan-2022 19:26:06 UTC] PHP Stack trace:
[16-Jan-2022 19:26:06 UTC] PHP   1. {main}() C:\Users\Nikita Ponarovskyi\Local Sites\nicmas\app\public\index.php:0
[16-Jan-2022 19:26:06 UTC] PHP   2. require() C:\Users\Nikita Ponarovskyi\Local Sites\nicmas\app\public\index.php:17
[16-Jan-2022 19:26:06 UTC] PHP   3. require_once() C:\Users\Nikita Ponarovskyi\Local Sites\nicmas\app\public\wp-blog-header.php:19
[16-Jan-2022 19:26:06 UTC] PHP   4. include() C:\Users\Nikita Ponarovskyi\Local Sites\nicmas\app\public\wp-includes\template-loader.php:106
[16-Jan-2022 19:26:06 UTC] PHP   5. get_template_part() C:\Users\Nikita Ponarovskyi\Local Sites\nicmas\app\public\wp-content\themes\nicmas-theme\index.php:9
[16-Jan-2022 19:26:06 UTC] PHP   6. locate_template() C:\Users\Nikita Ponarovskyi\Local Sites\nicmas\app\public\wp-includes\general-template.php:204
[16-Jan-2022 19:26:06 UTC] PHP   7. load_template() C:\Users\Nikita Ponarovskyi\Local Sites\nicmas\app\public\wp-includes\template.php:716
[16-Jan-2022 19:26:06 UTC] PHP   8. require() C:\Users\Nikita Ponarovskyi\Local Sites\nicmas\app\public\wp-includes\template.php:772
[16-Jan-2022 19:26:06 UTC] PHP   9. array_filter() C:\Users\Nikita Ponarovskyi\Local Sites\nicmas\app\public\wp-content\themes\nicmas-theme\templates\home.php:19
[16-Jan-2022 19:26:06 UTC] PHP  10. filter() C:\Users\Nikita Ponarovskyi\Local Sites\nicmas\app\public\wp-content\themes\nicmas-theme\templates\home.php:19
[16-Jan-2022 19:29:22 UTC] PHP Parse error:  syntax error, unexpected 'if' (T_IF) in C:\Users\Nikita Ponarovskyi\Local Sites\nicmas\app\public\wp-content\themes\nicmas-theme\templates\home.php on line 18
[16-Jan-2022 19:35:20 UTC] PHP Parse error:  syntax error, unexpected 'var_dump' (T_STRING) in C:\Users\Nikita Ponarovskyi\Local Sites\nicmas\app\public\wp-content\themes\nicmas-theme\templates\home.php on line 26
[20-Jan-2022 17:42:56 UTC] PHP Warning:  Use of undefined constant facebook - assumed 'facebook' (this will throw an Error in a future version of PHP) in C:\Users\Nikita Ponarovskyi\Local Sites\nicmas\app\public\wp-content\themes\nicmas-theme\footer.php on line 46
[20-Jan-2022 17:42:56 UTC] PHP Stack trace:
[20-Jan-2022 17:42:56 UTC] PHP   1. {main}() C:\Users\Nikita Ponarovskyi\Local Sites\nicmas\app\public\index.php:0
[20-Jan-2022 17:42:56 UTC] PHP   2. require() C:\Users\Nikita Ponarovskyi\Local Sites\nicmas\app\public\index.php:17
[20-Jan-2022 17:42:56 UTC] PHP   3. require_once() C:\Users\Nikita Ponarovskyi\Local Sites\nicmas\app\public\wp-blog-header.php:19
[20-Jan-2022 17:42:56 UTC] PHP   4. include() C:\Users\Nikita Ponarovskyi\Local Sites\nicmas\app\public\wp-includes\template-loader.php:106
[20-Jan-2022 17:42:56 UTC] PHP   5. get_template_part() C:\Users\Nikita Ponarovskyi\Local Sites\nicmas\app\public\wp-content\themes\nicmas-theme\index.php:9
[20-Jan-2022 17:42:56 UTC] PHP   6. locate_template() C:\Users\Nikita Ponarovskyi\Local Sites\nicmas\app\public\wp-includes\general-template.php:204
[20-Jan-2022 17:42:56 UTC] PHP   7. load_template() C:\Users\Nikita Ponarovskyi\Local Sites\nicmas\app\public\wp-includes\template.php:716
[20-Jan-2022 17:42:56 UTC] PHP   8. require() C:\Users\Nikita Ponarovskyi\Local Sites\nicmas\app\public\wp-includes\template.php:772
[20-Jan-2022 17:42:56 UTC] PHP   9. get_footer() C:\Users\Nikita Ponarovskyi\Local Sites\nicmas\app\public\wp-content\themes\nicmas-theme\templates\home.php:21
[20-Jan-2022 17:42:56 UTC] PHP  10. locate_template() C:\Users\Nikita Ponarovskyi\Local Sites\nicmas\app\public\wp-includes\general-template.php:92
[20-Jan-2022 17:42:56 UTC] PHP  11. load_template() C:\Users\Nikita Ponarovskyi\Local Sites\nicmas\app\public\wp-includes\template.php:716
[20-Jan-2022 17:42:56 UTC] PHP  12. require_once() C:\Users\Nikita Ponarovskyi\Local Sites\nicmas\app\public\wp-includes\template.php:770
[20-Jan-2022 17:42:56 UTC] PHP Warning:  Illegal string offset 'url' in C:\Users\Nikita Ponarovskyi\Local Sites\nicmas\app\public\wp-content\themes\nicmas-theme\footer.php on line 46
[20-Jan-2022 17:42:56 UTC] PHP Stack trace:
[20-Jan-2022 17:42:56 UTC] PHP   1. {main}() C:\Users\Nikita Ponarovskyi\Local Sites\nicmas\app\public\index.php:0
[20-Jan-2022 17:42:56 UTC] PHP   2. require() C:\Users\Nikita Ponarovskyi\Local Sites\nicmas\app\public\index.php:17
[20-Jan-2022 17:42:56 UTC] PHP   3. require_once() C:\Users\Nikita Ponarovskyi\Local Sites\nicmas\app\public\wp-blog-header.php:19
[20-Jan-2022 17:42:56 UTC] PHP   4. include() C:\Users\Nikita Ponarovskyi\Local Sites\nicmas\app\public\wp-includes\template-loader.php:106
[20-Jan-2022 17:42:56 UTC] PHP   5. get_template_part() C:\Users\Nikita Ponarovskyi\Local Sites\nicmas\app\public\wp-content\themes\nicmas-theme\index.php:9
[20-Jan-2022 17:42:56 UTC] PHP   6. locate_template() C:\Users\Nikita Ponarovskyi\Local Sites\nicmas\app\public\wp-includes\general-template.php:204
[20-Jan-2022 17:42:56 UTC] PHP   7. load_template() C:\Users\Nikita Ponarovskyi\Local Sites\nicmas\app\public\wp-includes\template.php:716
[20-Jan-2022 17:42:56 UTC] PHP   8. require() C:\Users\Nikita Ponarovskyi\Local Sites\nicmas\app\public\wp-includes\template.php:772
[20-Jan-2022 17:42:56 UTC] PHP   9. get_footer() C:\Users\Nikita Ponarovskyi\Local Sites\nicmas\app\public\wp-content\themes\nicmas-theme\templates\home.php:21
[20-Jan-2022 17:42:56 UTC] PHP  10. locate_template() C:\Users\Nikita Ponarovskyi\Local Sites\nicmas\app\public\wp-includes\general-template.php:92
[20-Jan-2022 17:42:56 UTC] PHP  11. load_template() C:\Users\Nikita Ponarovskyi\Local Sites\nicmas\app\public\wp-includes\template.php:716
[20-Jan-2022 17:42:56 UTC] PHP  12. require_once() C:\Users\Nikita Ponarovskyi\Local Sites\nicmas\app\public\wp-includes\template.php:770
[20-Jan-2022 17:42:56 UTC] PHP Warning:  Use of undefined constant instagram - assumed 'instagram' (this will throw an Error in a future version of PHP) in C:\Users\Nikita Ponarovskyi\Local Sites\nicmas\app\public\wp-content\themes\nicmas-theme\footer.php on line 51
[20-Jan-2022 17:42:56 UTC] PHP Stack trace:
[20-Jan-2022 17:42:56 UTC] PHP   1. {main}() C:\Users\Nikita Ponarovskyi\Local Sites\nicmas\app\public\index.php:0
[20-Jan-2022 17:42:56 UTC] PHP   2. require() C:\Users\Nikita Ponarovskyi\Local Sites\nicmas\app\public\index.php:17
[20-Jan-2022 17:42:56 UTC] PHP   3. require_once() C:\Users\Nikita Ponarovskyi\Local Sites\nicmas\app\public\wp-blog-header.php:19
[20-Jan-2022 17:42:56 UTC] PHP   4. include() C:\Users\Nikita Ponarovskyi\Local Sites\nicmas\app\public\wp-includes\template-loader.php:106
[20-Jan-2022 17:42:56 UTC] PHP   5. get_template_part() C:\Users\Nikita Ponarovskyi\Local Sites\nicmas\app\public\wp-content\themes\nicmas-theme\index.php:9
[20-Jan-2022 17:42:56 UTC] PHP   6. locate_template() C:\Users\Nikita Ponarovskyi\Local Sites\nicmas\app\public\wp-includes\general-template.php:204
[20-Jan-2022 17:42:56 UTC] PHP   7. load_template() C:\Users\Nikita Ponarovskyi\Local Sites\nicmas\app\public\wp-includes\template.php:716
[20-Jan-2022 17:42:56 UTC] PHP   8. require() C:\Users\Nikita Ponarovskyi\Local Sites\nicmas\app\public\wp-includes\template.php:772
[20-Jan-2022 17:42:56 UTC] PHP   9. get_footer() C:\Users\Nikita Ponarovskyi\Local Sites\nicmas\app\public\wp-content\themes\nicmas-theme\templates\home.php:21
[20-Jan-2022 17:42:56 UTC] PHP  10. locate_template() C:\Users\Nikita Ponarovskyi\Local Sites\nicmas\app\public\wp-includes\general-template.php:92
[20-Jan-2022 17:42:56 UTC] PHP  11. load_template() C:\Users\Nikita Ponarovskyi\Local Sites\nicmas\app\public\wp-includes\template.php:716
[20-Jan-2022 17:42:56 UTC] PHP  12. require_once() C:\Users\Nikita Ponarovskyi\Local Sites\nicmas\app\public\wp-includes\template.php:770
[20-Jan-2022 17:42:56 UTC] PHP Warning:  Illegal string offset 'url' in C:\Users\Nikita Ponarovskyi\Local Sites\nicmas\app\public\wp-content\themes\nicmas-theme\footer.php on line 51
[20-Jan-2022 17:42:56 UTC] PHP Stack trace:
[20-Jan-2022 17:42:56 UTC] PHP   1. {main}() C:\Users\Nikita Ponarovskyi\Local Sites\nicmas\app\public\index.php:0
[20-Jan-2022 17:42:56 UTC] PHP   2. require() C:\Users\Nikita Ponarovskyi\Local Sites\nicmas\app\public\index.php:17
[20-Jan-2022 17:42:56 UTC] PHP   3. require_once() C:\Users\Nikita Ponarovskyi\Local Sites\nicmas\app\public\wp-blog-header.php:19
[20-Jan-2022 17:42:56 UTC] PHP   4. include() C:\Users\Nikita Ponarovskyi\Local Sites\nicmas\app\public\wp-includes\template-loader.php:106
[20-Jan-2022 17:42:56 UTC] PHP   5. get_template_part() C:\Users\Nikita Ponarovskyi\Local Sites\nicmas\app\public\wp-content\themes\nicmas-theme\index.php:9
[20-Jan-2022 17:42:56 UTC] PHP   6. locate_template() C:\Users\Nikita Ponarovskyi\Local Sites\nicmas\app\public\wp-includes\general-template.php:204
[20-Jan-2022 17:42:56 UTC] PHP   7. load_template() C:\Users\Nikita Ponarovskyi\Local Sites\nicmas\app\public\wp-includes\template.php:716
[20-Jan-2022 17:42:56 UTC] PHP   8. require() C:\Users\Nikita Ponarovskyi\Local Sites\nicmas\app\public\wp-includes\template.php:772
[20-Jan-2022 17:42:56 UTC] PHP   9. get_footer() C:\Users\Nikita Ponarovskyi\Local Sites\nicmas\app\public\wp-content\themes\nicmas-theme\templates\home.php:21
[20-Jan-2022 17:42:56 UTC] PHP  10. locate_template() C:\Users\Nikita Ponarovskyi\Local Sites\nicmas\app\public\wp-includes\general-template.php:92
[20-Jan-2022 17:42:56 UTC] PHP  11. load_template() C:\Users\Nikita Ponarovskyi\Local Sites\nicmas\app\public\wp-includes\template.php:716
[20-Jan-2022 17:42:56 UTC] PHP  12. require_once() C:\Users\Nikita Ponarovskyi\Local Sites\nicmas\app\public\wp-includes\template.php:770
[20-Jan-2022 17:42:56 UTC] PHP Warning:  Use of undefined constant youtube - assumed 'youtube' (this will throw an Error in a future version of PHP) in C:\Users\Nikita Ponarovskyi\Local Sites\nicmas\app\public\wp-content\themes\nicmas-theme\footer.php on line 56
[20-Jan-2022 17:42:56 UTC] PHP Stack trace:
[20-Jan-2022 17:42:56 UTC] PHP   1. {main}() C:\Users\Nikita Ponarovskyi\Local Sites\nicmas\app\public\index.php:0
[20-Jan-2022 17:42:56 UTC] PHP   2. require() C:\Users\Nikita Ponarovskyi\Local Sites\nicmas\app\public\index.php:17
[20-Jan-2022 17:42:56 UTC] PHP   3. require_once() C:\Users\Nikita Ponarovskyi\Local Sites\nicmas\app\public\wp-blog-header.php:19
[20-Jan-2022 17:42:56 UTC] PHP   4. include() C:\Users\Nikita Ponarovskyi\Local Sites\nicmas\app\public\wp-includes\template-loader.php:106
[20-Jan-2022 17:42:56 UTC] PHP   5. get_template_part() C:\Users\Nikita Ponarovskyi\Local Sites\nicmas\app\public\wp-content\themes\nicmas-theme\index.php:9
[20-Jan-2022 17:42:56 UTC] PHP   6. locate_template() C:\Users\Nikita Ponarovskyi\Local Sites\nicmas\app\public\wp-includes\general-template.php:204
[20-Jan-2022 17:42:56 UTC] PHP   7. load_template() C:\Users\Nikita Ponarovskyi\Local Sites\nicmas\app\public\wp-includes\template.php:716
[20-Jan-2022 17:42:56 UTC] PHP   8. require() C:\Users\Nikita Ponarovskyi\Local Sites\nicmas\app\public\wp-includes\template.php:772
[20-Jan-2022 17:42:56 UTC] PHP   9. get_footer() C:\Users\Nikita Ponarovskyi\Local Sites\nicmas\app\public\wp-content\themes\nicmas-theme\templates\home.php:21
[20-Jan-2022 17:42:56 UTC] PHP  10. locate_template() C:\Users\Nikita Ponarovskyi\Local Sites\nicmas\app\public\wp-includes\general-template.php:92
[20-Jan-2022 17:42:56 UTC] PHP  11. load_template() C:\Users\Nikita Ponarovskyi\Local Sites\nicmas\app\public\wp-includes\template.php:716
[20-Jan-2022 17:42:56 UTC] PHP  12. require_once() C:\Users\Nikita Ponarovskyi\Local Sites\nicmas\app\public\wp-includes\template.php:770
[20-Jan-2022 17:42:56 UTC] PHP Warning:  Illegal string offset 'url' in C:\Users\Nikita Ponarovskyi\Local Sites\nicmas\app\public\wp-content\themes\nicmas-theme\footer.php on line 56
[20-Jan-2022 17:42:56 UTC] PHP Stack trace:
[20-Jan-2022 17:42:56 UTC] PHP   1. {main}() C:\Users\Nikita Ponarovskyi\Local Sites\nicmas\app\public\index.php:0
[20-Jan-2022 17:42:56 UTC] PHP   2. require() C:\Users\Nikita Ponarovskyi\Local Sites\nicmas\app\public\index.php:17
[20-Jan-2022 17:42:56 UTC] PHP   3. require_once() C:\Users\Nikita Ponarovskyi\Local Sites\nicmas\app\public\wp-blog-header.php:19
[20-Jan-2022 17:42:56 UTC] PHP   4. include() C:\Users\Nikita Ponarovskyi\Local Sites\nicmas\app\public\wp-includes\template-loader.php:106
[20-Jan-2022 17:42:56 UTC] PHP   5. get_template_part() C:\Users\Nikita Ponarovskyi\Local Sites\nicmas\app\public\wp-content\themes\nicmas-theme\index.php:9
[20-Jan-2022 17:42:56 UTC] PHP   6. locate_template() C:\Users\Nikita Ponarovskyi\Local Sites\nicmas\app\public\wp-includes\general-template.php:204
[20-Jan-2022 17:42:56 UTC] PHP   7. load_template() C:\Users\Nikita Ponarovskyi\Local Sites\nicmas\app\public\wp-includes\template.php:716
[20-Jan-2022 17:42:56 UTC] PHP   8. require() C:\Users\Nikita Ponarovskyi\Local Sites\nicmas\app\public\wp-includes\template.php:772
[20-Jan-2022 17:42:56 UTC] PHP   9. get_footer() C:\Users\Nikita Ponarovskyi\Local Sites\nicmas\app\public\wp-content\themes\nicmas-theme\templates\home.php:21
[20-Jan-2022 17:42:56 UTC] PHP  10. locate_template() C:\Users\Nikita Ponarovskyi\Local Sites\nicmas\app\public\wp-includes\general-template.php:92
[20-Jan-2022 17:42:56 UTC] PHP  11. load_template() C:\Users\Nikita Ponarovskyi\Local Sites\nicmas\app\public\wp-includes\template.php:716
[20-Jan-2022 17:42:56 UTC] PHP  12. require_once() C:\Users\Nikita Ponarovskyi\Local Sites\nicmas\app\public\wp-includes\template.php:770
[23-Jan-2022 14:01:30 UTC] PHP Warning:  Invalid argument supplied for foreach() in D:\LocalSites\nicmas\app\public\wp-admin\includes\plugin.php on line 1758
[23-Jan-2022 14:01:30 UTC] PHP Stack trace:
[23-Jan-2022 14:01:30 UTC] PHP   1. {main}() D:\LocalSites\nicmas\app\public\wp-admin\admin-ajax.php:0
[23-Jan-2022 14:01:30 UTC] PHP   2. require_once() D:\LocalSites\nicmas\app\public\wp-admin\admin-ajax.php:22
[23-Jan-2022 14:01:30 UTC] PHP   3. require_once() D:\LocalSites\nicmas\app\public\wp-load.php:50
[23-Jan-2022 14:01:30 UTC] PHP   4. require_once() D:\LocalSites\nicmas\app\public\wp-config.php:77
[23-Jan-2022 14:01:30 UTC] PHP   5. include() D:\LocalSites\nicmas\app\public\wp-settings.php:546
[23-Jan-2022 14:01:30 UTC] PHP   6. remove_menu_page() D:\LocalSites\nicmas\app\public\wp-content\themes\nicmas-theme\functions.php:315
[23-Jan-2022 14:01:31 UTC] PHP Warning:  Invalid argument supplied for foreach() in D:\LocalSites\nicmas\app\public\wp-admin\includes\plugin.php on line 1758
[23-Jan-2022 14:01:31 UTC] PHP Stack trace:
[23-Jan-2022 14:01:31 UTC] PHP   1. {main}() D:\LocalSites\nicmas\app\public\wp-admin\edit.php:0
[23-Jan-2022 14:01:31 UTC] PHP   2. require_once() D:\LocalSites\nicmas\app\public\wp-admin\edit.php:10
[23-Jan-2022 14:01:31 UTC] PHP   3. require_once() D:\LocalSites\nicmas\app\public\wp-admin\admin.php:34
[23-Jan-2022 14:01:31 UTC] PHP   4. require_once() D:\LocalSites\nicmas\app\public\wp-load.php:50
[23-Jan-2022 14:01:31 UTC] PHP   5. require_once() D:\LocalSites\nicmas\app\public\wp-config.php:77
[23-Jan-2022 14:01:31 UTC] PHP   6. include() D:\LocalSites\nicmas\app\public\wp-settings.php:546
[23-Jan-2022 14:01:31 UTC] PHP   7. remove_menu_page() D:\LocalSites\nicmas\app\public\wp-content\themes\nicmas-theme\functions.php:315
[23-Jan-2022 14:01:32 UTC] PHP Warning:  Invalid argument supplied for foreach() in D:\LocalSites\nicmas\app\public\wp-admin\includes\plugin.php on line 1758
[23-Jan-2022 14:01:32 UTC] PHP Stack trace:
[23-Jan-2022 14:01:32 UTC] PHP   1. {main}() D:\LocalSites\nicmas\app\public\index.php:0
[23-Jan-2022 14:01:32 UTC] PHP   2. require() D:\LocalSites\nicmas\app\public\index.php:17
[23-Jan-2022 14:01:32 UTC] PHP   3. require_once() D:\LocalSites\nicmas\app\public\wp-blog-header.php:13
[23-Jan-2022 14:01:32 UTC] PHP   4. require_once() D:\LocalSites\nicmas\app\public\wp-load.php:50
[23-Jan-2022 14:01:32 UTC] PHP   5. require_once() D:\LocalSites\nicmas\app\public\wp-config.php:77
[23-Jan-2022 14:01:32 UTC] PHP   6. include() D:\LocalSites\nicmas\app\public\wp-settings.php:546
[23-Jan-2022 14:01:32 UTC] PHP   7. remove_menu_page() D:\LocalSites\nicmas\app\public\wp-content\themes\nicmas-theme\functions.php:315
[23-Jan-2022 14:01:32 UTC] PHP Warning:  Invalid argument supplied for foreach() in D:\LocalSites\nicmas\app\public\wp-admin\includes\plugin.php on line 1758
[23-Jan-2022 14:01:32 UTC] PHP Stack trace:
[23-Jan-2022 14:01:32 UTC] PHP   1. {main}() D:\LocalSites\nicmas\app\public\wp-admin\admin-ajax.php:0
[23-Jan-2022 14:01:32 UTC] PHP   2. require_once() D:\LocalSites\nicmas\app\public\wp-admin\admin-ajax.php:22
[23-Jan-2022 14:01:32 UTC] PHP   3. require_once() D:\LocalSites\nicmas\app\public\wp-load.php:50
[23-Jan-2022 14:01:32 UTC] PHP   4. require_once() D:\LocalSites\nicmas\app\public\wp-config.php:77
[23-Jan-2022 14:01:32 UTC] PHP   5. include() D:\LocalSites\nicmas\app\public\wp-settings.php:546
[23-Jan-2022 14:01:32 UTC] PHP   6. remove_menu_page() D:\LocalSites\nicmas\app\public\wp-content\themes\nicmas-theme\functions.php:315
[23-Jan-2022 14:01:48 UTC] PHP Warning:  Invalid argument supplied for foreach() in D:\LocalSites\nicmas\app\public\wp-admin\includes\plugin.php on line 1758
[23-Jan-2022 14:01:48 UTC] PHP Stack trace:
[23-Jan-2022 14:01:48 UTC] PHP   1. {main}() D:\LocalSites\nicmas\app\public\wp-admin\admin-ajax.php:0
[23-Jan-2022 14:01:48 UTC] PHP   2. require_once() D:\LocalSites\nicmas\app\public\wp-admin\admin-ajax.php:22
[23-Jan-2022 14:01:48 UTC] PHP   3. require_once() D:\LocalSites\nicmas\app\public\wp-load.php:50
[23-Jan-2022 14:01:48 UTC] PHP   4. require_once() D:\LocalSites\nicmas\app\public\wp-config.php:77
[23-Jan-2022 14:01:48 UTC] PHP   5. include() D:\LocalSites\nicmas\app\public\wp-settings.php:546
[23-Jan-2022 14:01:48 UTC] PHP   6. remove_menu_page() D:\LocalSites\nicmas\app\public\wp-content\themes\nicmas-theme\functions.php:315
[23-Jan-2022 17:29:10 UTC] PHP Warning:  Illegal string offset 'url' in D:\LocalSites\nicmas\app\public\wp-content\themes\nicmas-theme\blocks\informational.php on line 60
[23-Jan-2022 17:29:10 UTC] PHP Stack trace:
[23-Jan-2022 17:29:10 UTC] PHP   1. {main}() D:\LocalSites\nicmas\app\public\index.php:0
[23-Jan-2022 17:29:10 UTC] PHP   2. require() D:\LocalSites\nicmas\app\public\index.php:17
[23-Jan-2022 17:29:10 UTC] PHP   3. require_once() D:\LocalSites\nicmas\app\public\wp-blog-header.php:19
[23-Jan-2022 17:29:10 UTC] PHP   4. include() D:\LocalSites\nicmas\app\public\wp-includes\template-loader.php:106
[23-Jan-2022 17:29:10 UTC] PHP   5. the_content() D:\LocalSites\nicmas\app\public\wp-content\themes\nicmas-theme\templates\directions.php:7
[23-Jan-2022 17:29:10 UTC] PHP   6. apply_filters() D:\LocalSites\nicmas\app\public\wp-includes\post-template.php:253
[23-Jan-2022 17:29:10 UTC] PHP   7. WP_Hook->apply_filters() D:\LocalSites\nicmas\app\public\wp-includes\plugin.php:189
[23-Jan-2022 17:29:10 UTC] PHP   8. do_blocks() D:\LocalSites\nicmas\app\public\wp-includes\class-wp-hook.php:303
[23-Jan-2022 17:29:10 UTC] PHP   9. render_block() D:\LocalSites\nicmas\app\public\wp-includes\blocks.php:906
[23-Jan-2022 17:29:10 UTC] PHP  10. WP_Block->render() D:\LocalSites\nicmas\app\public\wp-includes\blocks.php:868
[23-Jan-2022 17:29:10 UTC] PHP  11. acf_render_block_callback() D:\LocalSites\nicmas\app\public\wp-includes\class-wp-block.php:221
[23-Jan-2022 17:29:10 UTC] PHP  12. acf_rendered_block() D:\LocalSites\nicmas\app\public\wp-content\plugins\advanced-custom-fields-pro\pro\blocks.php:316
[23-Jan-2022 17:29:10 UTC] PHP  13. acf_render_block() D:\LocalSites\nicmas\app\public\wp-content\plugins\advanced-custom-fields-pro\pro\blocks.php:349
[23-Jan-2022 17:29:10 UTC] PHP  14. include() D:\LocalSites\nicmas\app\public\wp-content\plugins\advanced-custom-fields-pro\pro\blocks.php:418
[23-Jan-2022 17:29:10 UTC] PHP Warning:  Illegal string offset 'text' in D:\LocalSites\nicmas\app\public\wp-content\themes\nicmas-theme\blocks\informational.php on line 60
[23-Jan-2022 17:29:10 UTC] PHP Stack trace:
[23-Jan-2022 17:29:10 UTC] PHP   1. {main}() D:\LocalSites\nicmas\app\public\index.php:0
[23-Jan-2022 17:29:10 UTC] PHP   2. require() D:\LocalSites\nicmas\app\public\index.php:17
[23-Jan-2022 17:29:10 UTC] PHP   3. require_once() D:\LocalSites\nicmas\app\public\wp-blog-header.php:19
[23-Jan-2022 17:29:10 UTC] PHP   4. include() D:\LocalSites\nicmas\app\public\wp-includes\template-loader.php:106
[23-Jan-2022 17:29:10 UTC] PHP   5. the_content() D:\LocalSites\nicmas\app\public\wp-content\themes\nicmas-theme\templates\directions.php:7
[23-Jan-2022 17:29:10 UTC] PHP   6. apply_filters() D:\LocalSites\nicmas\app\public\wp-includes\post-template.php:253
[23-Jan-2022 17:29:10 UTC] PHP   7. WP_Hook->apply_filters() D:\LocalSites\nicmas\app\public\wp-includes\plugin.php:189
[23-Jan-2022 17:29:10 UTC] PHP   8. do_blocks() D:\LocalSites\nicmas\app\public\wp-includes\class-wp-hook.php:303
[23-Jan-2022 17:29:10 UTC] PHP   9. render_block() D:\LocalSites\nicmas\app\public\wp-includes\blocks.php:906
[23-Jan-2022 17:29:10 UTC] PHP  10. WP_Block->render() D:\LocalSites\nicmas\app\public\wp-includes\blocks.php:868
[23-Jan-2022 17:29:10 UTC] PHP  11. acf_render_block_callback() D:\LocalSites\nicmas\app\public\wp-includes\class-wp-block.php:221
[23-Jan-2022 17:29:10 UTC] PHP  12. acf_rendered_block() D:\LocalSites\nicmas\app\public\wp-content\plugins\advanced-custom-fields-pro\pro\blocks.php:316
[23-Jan-2022 17:29:10 UTC] PHP  13. acf_render_block() D:\LocalSites\nicmas\app\public\wp-content\plugins\advanced-custom-fields-pro\pro\blocks.php:349
[23-Jan-2022 17:29:10 UTC] PHP  14. include() D:\LocalSites\nicmas\app\public\wp-content\plugins\advanced-custom-fields-pro\pro\blocks.php:418
[23-Jan-2022 17:29:34 UTC] PHP Warning:  Illegal string offset 'url' in D:\LocalSites\nicmas\app\public\wp-content\themes\nicmas-theme\blocks\informational.php on line 62
[23-Jan-2022 17:29:34 UTC] PHP Stack trace:
[23-Jan-2022 17:29:34 UTC] PHP   1. {main}() D:\LocalSites\nicmas\app\public\index.php:0
[23-Jan-2022 17:29:34 UTC] PHP   2. require() D:\LocalSites\nicmas\app\public\index.php:17
[23-Jan-2022 17:29:34 UTC] PHP   3. require_once() D:\LocalSites\nicmas\app\public\wp-blog-header.php:19
[23-Jan-2022 17:29:34 UTC] PHP   4. include() D:\LocalSites\nicmas\app\public\wp-includes\template-loader.php:106
[23-Jan-2022 17:29:34 UTC] PHP   5. the_content() D:\LocalSites\nicmas\app\public\wp-content\themes\nicmas-theme\templates\directions.php:7
[23-Jan-2022 17:29:34 UTC] PHP   6. apply_filters() D:\LocalSites\nicmas\app\public\wp-includes\post-template.php:253
[23-Jan-2022 17:29:34 UTC] PHP   7. WP_Hook->apply_filters() D:\LocalSites\nicmas\app\public\wp-includes\plugin.php:189
[23-Jan-2022 17:29:34 UTC] PHP   8. do_blocks() D:\LocalSites\nicmas\app\public\wp-includes\class-wp-hook.php:303
[23-Jan-2022 17:29:34 UTC] PHP   9. render_block() D:\LocalSites\nicmas\app\public\wp-includes\blocks.php:906
[23-Jan-2022 17:29:34 UTC] PHP  10. WP_Block->render() D:\LocalSites\nicmas\app\public\wp-includes\blocks.php:868
[23-Jan-2022 17:29:34 UTC] PHP  11. acf_render_block_callback() D:\LocalSites\nicmas\app\public\wp-includes\class-wp-block.php:221
[23-Jan-2022 17:29:34 UTC] PHP  12. acf_rendered_block() D:\LocalSites\nicmas\app\public\wp-content\plugins\advanced-custom-fields-pro\pro\blocks.php:316
[23-Jan-2022 17:29:34 UTC] PHP  13. acf_render_block() D:\LocalSites\nicmas\app\public\wp-content\plugins\advanced-custom-fields-pro\pro\blocks.php:349
[23-Jan-2022 17:29:34 UTC] PHP  14. include() D:\LocalSites\nicmas\app\public\wp-content\plugins\advanced-custom-fields-pro\pro\blocks.php:418
[23-Jan-2022 17:29:34 UTC] PHP Warning:  Illegal string offset 'text' in D:\LocalSites\nicmas\app\public\wp-content\themes\nicmas-theme\blocks\informational.php on line 62
[23-Jan-2022 17:29:34 UTC] PHP Stack trace:
[23-Jan-2022 17:29:34 UTC] PHP   1. {main}() D:\LocalSites\nicmas\app\public\index.php:0
[23-Jan-2022 17:29:34 UTC] PHP   2. require() D:\LocalSites\nicmas\app\public\index.php:17
[23-Jan-2022 17:29:34 UTC] PHP   3. require_once() D:\LocalSites\nicmas\app\public\wp-blog-header.php:19
[23-Jan-2022 17:29:34 UTC] PHP   4. include() D:\LocalSites\nicmas\app\public\wp-includes\template-loader.php:106
[23-Jan-2022 17:29:34 UTC] PHP   5. the_content() D:\LocalSites\nicmas\app\public\wp-content\themes\nicmas-theme\templates\directions.php:7
[23-Jan-2022 17:29:34 UTC] PHP   6. apply_filters() D:\LocalSites\nicmas\app\public\wp-includes\post-template.php:253
[23-Jan-2022 17:29:34 UTC] PHP   7. WP_Hook->apply_filters() D:\LocalSites\nicmas\app\public\wp-includes\plugin.php:189
[23-Jan-2022 17:29:34 UTC] PHP   8. do_blocks() D:\LocalSites\nicmas\app\public\wp-includes\class-wp-hook.php:303
[23-Jan-2022 17:29:34 UTC] PHP   9. render_block() D:\LocalSites\nicmas\app\public\wp-includes\blocks.php:906
[23-Jan-2022 17:29:34 UTC] PHP  10. WP_Block->render() D:\LocalSites\nicmas\app\public\wp-includes\blocks.php:868
[23-Jan-2022 17:29:34 UTC] PHP  11. acf_render_block_callback() D:\LocalSites\nicmas\app\public\wp-includes\class-wp-block.php:221
[23-Jan-2022 17:29:34 UTC] PHP  12. acf_rendered_block() D:\LocalSites\nicmas\app\public\wp-content\plugins\advanced-custom-fields-pro\pro\blocks.php:316
[23-Jan-2022 17:29:34 UTC] PHP  13. acf_render_block() D:\LocalSites\nicmas\app\public\wp-content\plugins\advanced-custom-fields-pro\pro\blocks.php:349
[23-Jan-2022 17:29:34 UTC] PHP  14. include() D:\LocalSites\nicmas\app\public\wp-content\plugins\advanced-custom-fields-pro\pro\blocks.php:418
